This is pTeX, Version 3.1415926-p3.1.11 (sjis) (Web2C 2009) (format=platex 2009.9.29)  5 FEB 2010 18:17
 restricted \write18 enabled.
 %&-line parsing enabled.
**thesis.tex
(./thesis.tex
pLaTeX2e <2006/11/10>+0 (based on LaTeX2e <2009/09/24> patch level 0)
Babel <v3.8l> and hyphenation patterns for english, usenglishmax, ukenglish, ba
sque, bulgarian, coptic, welsh, czech, slovak, german, ngerman, danish, esperan
to, spanish, catalan, galician, estonian, farsi, finnish, french, irish, greek,
 monogreek, ancientgreek, croatian, hungarian, interlingua, ibycus, bahasa, ice
landic, italian, latin, mongolian, dutch, norsk, polish, portuguese, pinyin, ro
manian, russian, slovenian, samin, uppersorbian, serbian, swedish, turkish, ukr
ainian, dumylang, nohyphenation, loaded.
(./style/kuisthesis.cls
\old@latex@skip=\skip41
\jfsize=\count81
\jspaceskip=\dimen118
\symmincho=\mathgroup4
LaTeX Font Info:    Overwriting symbol font `mincho' in version `bold'
(Font)                  JY1/mc/m/n --> JY1/gt/m/n on input line 192.
\@Kwidth=\dimen119
LaTeX Font Info:    External font `cmex10' loaded for size
(Font)              <12> on input line 252.
LaTeX Font Info:    External font `cmex10' loaded for size
(Font)              <8> on input line 252.
LaTeX Font Info:    External font `cmex10' loaded for size
(Font)              <6> on input line 252.
\c@entranceyear=\count82
LaTeX Font Info:    Font shape `JT1/mc/bx/n' in size <12> not available
(Font)              Font shape `JT1/gt/m/n' tried instead on input line 410.
LaTeX Font Info:    Font shape `JY1/mc/bx/n' in size <12> not available
(Font)              Font shape `JY1/gt/m/n' tried instead on input line 410.
\c@section=\count83
\c@subsection=\count84
\c@subsubsection=\count85
\c@paragraph=\count86
\c@subparagraph=\count87
\app@page=\count88
\c@figure=\count89
\c@table=\count90
\PF@fnotectr=\count91
\PF@page=\count92
) (c:/tex/share/texmf/tex/latex/graphics/graphicx.sty
Package: graphicx 1999/02/16 v1.0f Enhanced LaTeX Graphics (DPC,SPQR)

(c:/tex/share/texmf/tex/latex/graphics/keyval.sty
Package: keyval 1999/03/16 v1.13 key=value parser (DPC)
\KV@toks@=\toks15
)
(c:/tex/share/texmf/tex/latex/graphics/graphics.sty
Package: graphics 2009/02/05 v1.0o Standard LaTeX Graphics (DPC,SPQR)

(c:/tex/share/texmf/tex/latex/graphics/trig.sty
Package: trig 1999/03/16 v1.09 sin cos tan (DPC)
)
(c:/tex/share/texmf/tex/latex/config/graphics.cfg)
Package graphics Info: Driver file: dvips.def on input line 91.

(c:/tex/share/texmf/tex/latex/graphics/dvips.def
File: dvips.def 1999/02/16 v3.0i Driver-dependant file (DPC,SPQR)
))
\Gin@req@height=\dimen120
\Gin@req@width=\dimen121
)
(c:/tex/share/texmf/tex/latex/amsfonts/amssymb.sty
Package: amssymb 2009/06/22 v3.00

(c:/tex/share/texmf/tex/latex/amsfonts/amsfonts.sty
Package: amsfonts 2009/06/22 v3.00 Basic AMSFonts support
\@emptytoks=\toks16
\symAMSa=\mathgroup5
\symAMSb=\mathgroup6
LaTeX Font Info:    Overwriting math alphabet `\mathfrak' in version `bold'
(Font)                  U/euf/m/n --> U/euf/b/n on input line 96.
))
(c:/tex/share/texmf/tex/platex/base/ascmac.sty
(c:/tex/share/texmf/tex/platex/base/tascmac.sty
\@savetbaselineshift=\dimen122
\@saveybaselineshift=\dimen123
\scb@x=\box41
\scscb@x=\box42
\@bw=\dimen124
\@nbox=\box43
\@nbody=\box44
\@scw=\dimen125
\@itemh=\dimen126
\@iboxpos=\toks17
\@iboxstr=\box45
\@bwsp=\box46
\@@bwsp=\box47
\@bcal=\count93
\shaderule=\dimen127
))
(c:/tex/share/texmf/tex/latex/base/latexsym.sty
Package: latexsym 1998/08/17 v2.2e Standard LaTeX package (lasy symbols)
\symlasy=\mathgroup7
LaTeX Font Info:    Overwriting symbol font `lasy' in version `bold'
(Font)                  U/lasy/m/n --> U/lasy/b/n on input line 47.
)
(c:/tex/share/texmf/tex/latex/hyperref/hyperref.sty
Package: hyperref 2009/10/09 v6.79a Hypertext links for LaTeX

(c:/tex/share/texmf/tex/generic/oberdiek/ifpdf.sty
Package: ifpdf 2009/04/10 v2.0 Provides the ifpdf switch (HO)
Package ifpdf Info: pdfTeX in pdf mode not detected.
)
(c:/tex/share/texmf/tex/generic/oberdiek/ifvtex.sty
Package: ifvtex 2008/11/04 v1.4 Switches for detecting VTeX and its modes (HO)
Package ifvtex Info: VTeX not detected.
)
(c:/tex/share/texmf/tex/generic/ifxetex/ifxetex.sty
Package: ifxetex 2008/09/18 v0.4 Provides ifxetex conditional
)
(c:/tex/share/texmf/tex/latex/oberdiek/hycolor.sty
Package: hycolor 2009/10/02 v1.5 Code for color options of hyperref/bookmark (H
O)

(c:/tex/share/texmf/tex/latex/oberdiek/xcolor-patch.sty
Package: xcolor-patch 2009/10/02 xcolor patch
))
\@linkdim=\dimen128
\Hy@linkcounter=\count94
\Hy@pagecounter=\count95

(c:/tex/share/texmf/tex/latex/hyperref/pd1enc.def
File: pd1enc.def 2009/10/09 v6.79a Hyperref: PDFDocEncoding definition (HO)
)
(c:/tex/share/texmf/tex/generic/oberdiek/etexcmds.sty
Package: etexcmds 2007/12/12 v1.2 Prefix for e-TeX command names (HO)

(c:/tex/share/texmf/tex/generic/oberdiek/infwarerr.sty
Package: infwarerr 2007/09/09 v1.2 Providing info/warning/message (HO)
)
Package etexcmds Info: Could not find \unexpanded.
(etexcmds)             That can mean that you are not using e-TeX or
(etexcmds)             that some package has redefined \unexpanded.
(etexcmds)             In the latter case, load this package earlier.
Package etexcmds Info: Could not find \expanded.
(etexcmds)             That can mean that you are not using pdfTeX 1.50 or
(etexcmds)             that some package has redefined \expanded.
(etexcmds)             In the latter case, load this package earlier.
)

Package hyperref Warning: Height of page (\paperheight) is invalid (0.0pt),
(hyperref)                using 11in.

(c:/tex/share/texmf/tex/latex/config/hyperref.cfg
File: hyperref.cfg 
)
(c:/tex/share/texmf/tex/latex/oberdiek/kvoptions.sty
Package: kvoptions 2009/08/13 v3.4 Keyval support for LaTeX options (HO)

(c:/tex/share/texmf/tex/generic/oberdiek/kvsetkeys.sty
Package: kvsetkeys 2009/07/30 v1.5 Key value parser with default handler suppor
t (HO)
))
Package hyperref Info: Hyper figures OFF on input line 2975.
Package hyperref Info: Link nesting OFF on input line 2980.
Package hyperref Info: Hyper index ON on input line 2983.
Package hyperref Info: Plain pages OFF on input line 2990.
Package hyperref Info: Backreferencing OFF on input line 2995.

Implicit mode ON; LaTeX internals redefined
Package hyperref Info: Bookmarks ON on input line 3191.
(c:/tex/share/texmf/tex/latex/misc/url.sty
\Urlmuskip=\muskip10
Package: url 2004/03/15  ver 3.1  Verb mode for urls, etc.
)
LaTeX Info: Redefining \url on input line 3428.

(c:/tex/share/texmf/tex/generic/oberdiek/bitset.sty
Package: bitset 2007/09/28 v1.0 Data type bit set (HO)

(c:/tex/share/texmf/tex/generic/oberdiek/intcalc.sty
Package: intcalc 2007/09/27 v1.1 Expandable integer calculations (HO)
)
(c:/tex/share/texmf/tex/generic/oberdiek/bigintcalc.sty
Package: bigintcalc 2007/11/11 v1.1 Expandable big integer calculations (HO)

(c:/tex/share/texmf/tex/generic/oberdiek/pdftexcmds.sty
Package: pdftexcmds 2009/09/23 v0.6 LuaTeX support for pdfTeX utility functions
 (HO)

(c:/tex/share/texmf/tex/generic/oberdiek/ifluatex.sty
Package: ifluatex 2009/04/17 v1.2 Provides the ifluatex switch (HO)
Package ifluatex Info: LuaTeX not detected.
)
(c:/tex/share/texmf/tex/generic/oberdiek/ltxcmds.sty
Package: ltxcmds 2009/08/05 v1.0 Some LaTeX kernel commands for general use (HO
)
)
Package pdftexcmds Info: LuaTeX not detected.
Package pdftexcmds Info: pdfTeX >= 1.30 not detected.
Package pdftexcmds Info: \pdf@primitive is not available.
Package pdftexcmds Info: \pdf@ifprimitive is not available.
)))
\Fld@menulength=\count96
\Field@Width=\dimen129
\Fld@charsize=\dimen130
\Field@toks=\toks18
Package hyperref Info: Hyper figures OFF on input line 4377.
Package hyperref Info: Link nesting OFF on input line 4382.
Package hyperref Info: Hyper index ON on input line 4385.
Package hyperref Info: backreferencing OFF on input line 4392.
Package hyperref Info: Link coloring OFF on input line 4397.
Package hyperref Info: Link coloring with OCG OFF on input line 4402.
Package hyperref Info: PDF/A mode OFF on input line 4407.

(c:/tex/share/texmf/tex/generic/oberdiek/atbegshi.sty
Package: atbegshi 2008/07/31 v1.9 At begin shipout hook (HO)
)
\Hy@abspage=\count97
\c@Item=\count98
\c@Hfootnote=\count99
)
*hyperref using driver hypertex*
(c:/tex/share/texmf/tex/latex/hyperref/hypertex.def
File: hypertex.def 2009/10/09 v6.79a Hyperref driver for HyperTeX specials
) (./style/mymacros.sty
\c@linenumber=\count100
\c@exampleCount=\count101
\c@definitionCount=\count102
)
(./style/multicol.sty
\c@tracingmulticols=\count103
\mult@box=\box48
\multicol@leftmargin=\dimen131
\c@unbalance=\count104
\c@collectmore=\count105
\doublecol@number=\count106
\multicoltolerance=\count107
\multicolpretolerance=\count108
\full@width=\dimen132
\page@free=\dimen133
\premulticols=\dimen134
\postmulticols=\dimen135
\multicolsep=\skip42
\multicolbaselineskip=\skip43
\partial@page=\box49
\last@line=\box50
\mult@rightbox=\box51
\mult@grightbox=\box52
\mult@gfirstbox=\box53
\mult@firstbox=\box54
\@tempa=\box55
\@tempa=\box56
\@tempa=\box57
\@tempa=\box58
\@tempa=\box59
\@tempa=\box60
\@tempa=\box61
\@tempa=\box62
\@tempa=\box63
\@tempa=\box64
\@tempa=\box65
\@tempa=\box66
\@tempa=\box67
\@tempa=\box68
\@tempa=\box69
\@tempa=\box70
\@tempa=\box71
\c@columnbadness=\count109
\c@finalcolumnbadness=\count110
\last@try=\dimen136
\multicolovershoot=\dimen137
\multicolundershoot=\dimen138
\mult@nat@firstbox=\box72


LaTeX Warning: Command \@footnotetext  has changed.
               Check if current package is valid.

) (./style/verbatimlist.sty) (./style/verbatimfiles.sty
\c@lineno=\count111
) (./thesis.aux)
\openout1 = `thesis.aux'.

LaTeX Font Info:    Checking defaults for OML/cmm/m/it on input line 48.
LaTeX Font Info:    ... okay on input line 48.
LaTeX Font Info:    Checking defaults for T1/cmr/m/n on input line 48.
LaTeX Font Info:    ... okay on input line 48.
LaTeX Font Info:    Checking defaults for OT1/cmr/m/n on input line 48.
LaTeX Font Info:    ... okay on input line 48.
LaTeX Font Info:    Checking defaults for OMS/cmsy/m/n on input line 48.
LaTeX Font Info:    ... okay on input line 48.
LaTeX Font Info:    Checking defaults for OMX/cmex/m/n on input line 48.
LaTeX Font Info:    ... okay on input line 48.
LaTeX Font Info:    Checking defaults for U/cmr/m/n on input line 48.
LaTeX Font Info:    ... okay on input line 48.
LaTeX Font Info:    Checking defaults for JY1/mc/m/n on input line 48.
LaTeX Font Info:    ... okay on input line 48.
LaTeX Font Info:    Checking defaults for JT1/mc/m/n on input line 48.
LaTeX Font Info:    ... okay on input line 48.
LaTeX Font Info:    Checking defaults for PD1/pdf/m/n on input line 48.
LaTeX Font Info:    ... okay on input line 48.
Package hyperref Info: Link coloring OFF on input line 48.

(c:/tex/share/texmf/tex/latex/hyperref/nameref.sty
Package: nameref 2007/05/29 v2.31 Cross-referencing by name of section

(c:/tex/share/texmf/tex/latex/oberdiek/refcount.sty
Package: refcount 2008/08/11 v3.1 Data extraction from references (HO)
)
\c@section@level=\count112
)
LaTeX Info: Redefining \ref on input line 48.
LaTeX Info: Redefining \pageref on input line 48.
\AtBeginShipoutBox=\box73
LaTeX Font Info:    Font shape `JT1/mc/bx/n' in size <17.28> not available
(Font)              Font shape `JT1/gt/m/n' tried instead on input line 51.
LaTeX Font Info:    Font shape `JY1/mc/bx/n' in size <17.28> not available
(Font)              Font shape `JY1/gt/m/n' tried instead on input line 51.
LaTeX Font Info:    Font shape `JT1/mc/bx/n' in size <20.74> not available
(Font)              Font shape `JT1/gt/m/n' tried instead on input line 51.
LaTeX Font Info:    Font shape `JY1/mc/bx/n' in size <20.74> not available
(Font)              Font shape `JY1/gt/m/n' tried instead on input line 51.
 [1000] (./en_abstract.tex
LaTeX Font Info:    Font shape `JT1/mc/bx/n' in size <14.4> not available
(Font)              Font shape `JT1/gt/m/n' tried instead on input line 2.
LaTeX Font Info:    Font shape `JY1/mc/bx/n' in size <14.4> not available
(Font)              Font shape `JY1/gt/m/n' tried instead on input line 2.
) [1001] (./thesis.toc
LaTeX Font Info:    Try loading font information for U+msa on input line 2.
 (c:/tex/share/texmf/tex/latex/amsfonts/umsa.fd
File: umsa.fd 2009/06/22 v3.00 AMS symbols A
)
LaTeX Font Info:    Try loading font information for U+msb on input line 2.

(c:/tex/share/texmf/tex/latex/amsfonts/umsb.fd
File: umsb.fd 2009/06/22 v3.00 AMS symbols B
)
LaTeX Font Info:    Try loading font information for U+lasy on input line 2.

(c:/tex/share/texmf/tex/latex/base/ulasy.fd
File: ulasy.fd 1998/08/17 v2.2e LaTeX symbol font definitions
) [1002])
\tf@toc=\write3
\openout3 = `thesis.toc'.

 [1003] (./1.tex [1]
[2]) (./2.tex [3]
File: image/max_c.eps Graphic file (type eps)
 <image/max_c.eps>
File: image/javadrill.eps Graphic file (type eps)
 <image/javadrill.eps> [4] [5] [6] [7])
(./3.tex
File: image/mon_rei.eps Graphic file (type eps)
 <image/mon_rei.eps>

LaTeX Warning: `h' float specifier changed to `ht'.

[8]
File: image/make_flow.eps Graphic file (type eps)
 <image/make_flow.eps> [9]
LaTeX Font Info:    Try loading font information for OMS+cmr on input line 101.

 (c:/tex/share/texmf/tex/latex/base/omscmr.fd
File: omscmr.fd 1999/05/25 v2.5h Standard LaTeX font definitions
)
LaTeX Font Info:    Font shape `OMS/cmr/m/n' in size <12> not available
(Font)              Font shape `OMS/cmsy/m/n' tried instead on input line 101.

Overfull \hbox (14.68648pt too wide) in paragraph at lines 91--118
 [] 
 []


Overfull \hbox (96.74147pt too wide) in paragraph at lines 87--148
[][] 
 []


LaTeX Warning: `h' float specifier changed to `ht'.

[10]
File: image/kaiseki_rei.eps Graphic file (type eps)
 <image/kaiseki_rei.eps> [11] [12] [13] [14]
File: image/seisei.eps Graphic file (type eps)
 <image/seisei.eps> [15]
File: image/test_write.eps Graphic file (type eps)

<image/test_write.eps>

LaTeX Warning: `h' float specifier changed to `ht'.

[16] [17] [18]) (./4.tex [19] [20]
File: image/take_flow.eps Graphic file (type eps)
 <image/take_flow.eps> [21]) (./5.tex
File: image/wrong_write.eps Graphic file (type eps)

<image/wrong_write.eps>
File: image/wrong_write2.eps Graphic file (type eps)
 <image/wrong_write2.eps> [22] [23] [24]
File: image/pattern.eps Graphic file (type eps)

<image/pattern.eps>
File: image/hikaku.eps Graphic file (type eps)
 <image/hikaku.eps>

LaTeX Warning: `h' float specifier changed to `ht'.

[25]
File: image/answer_flow.eps Graphic file (type eps)
 <image/answer_flow.eps> [26]) (./6.tex
File: image/make_top.eps Graphic file (type eps)
 <image/make_top.eps>
Overfull \hbox (5.3477pt too wide) in paragraph at lines 24--25
 [] 
 []

File: image/make_ito.eps Graphic file (type eps)
<image/make_ito.eps>
Overfull \hbox (5.3477pt too wide) in paragraph at lines 31--32
 [] 
 []


Overfull \hbox (56.33214pt too wide) in paragraph at lines 21--37
[][] 
 []


LaTeX Warning: `h' float specifier changed to `ht'.

File: image/make_choice.eps Graphic file (type eps)
<image/make_choice.eps>
Overfull \hbox (5.3477pt too wide) in paragraph at lines 43--44
 [] 
 []

File: image/make_input.eps Graphic file (type eps)
<image/make_input.eps>
Overfull \hbox (5.3477pt too wide) in paragraph at lines 50--51
 [] 
 []


Overfull \hbox (56.33214pt too wide) in paragraph at lines 40--56
[][] 
 []


LaTeX Warning: `h' float specifier changed to `ht'.

[27] [28]
File: image/startpage.eps Graphic file (type eps)
 <image/startpage.eps>
Overfull \hbox (5.3477pt too wide) in paragraph at lines 85--86
 [] 
 []

File: image/take_question.eps Graphic file (type eps)
<image/take_question.eps>
Overfull \hbox (5.3477pt too wide) in paragraph at lines 92--93
 [] 
 []


Overfull \hbox (56.33214pt too wide) in paragraph at lines 82--98
[][] 
 []

File: image/answer_test.eps Graphic file (type eps)
<image/answer_test.eps>
Overfull \hbox (5.3477pt too wide) in paragraph at lines 104--105
 [] 
 []

File: image/endpage.eps Graphic file (type eps)
<image/endpage.eps>
Overfull \hbox (5.3477pt too wide) in paragraph at lines 111--112
 [] 
 []


Overfull \hbox (56.33214pt too wide) in paragraph at lines 101--117
[][] 
 []


LaTeX Warning: `h' float specifier changed to `ht'.

[29]
File: image/system_all.eps Graphic file (type eps)
 <image/system_all.eps> [30]) (./7.tex
File: image/experimentation_flow.eps Graphic file (type eps)
 <image/experimentation_flow.eps>
[31] [32] [33]
File: image/result.eps Graphic file (type eps)
 <image/result.eps>
Overfull \hbox (51.11093pt too wide) in paragraph at lines 138--140
 [] 
 []

[34] [35]) (./conclusion.tex [36] [37]) (./thanks.tex) [38] (./thesis.bbl)
[39] (./thesis.aux) ) 
Here is how much of TeX's memory you used:
 4611 strings out of 494370
 64717 string characters out of 3170710
 134167 words of memory out of 1500000
 7840 multiletter control sequences out of 15000+200000
 17346 words of font info for 71 fonts, out of 2000000 for 2000
 678 hyphenation exceptions out of 8191
 38i,15n,28p,280b,645s stack positions out of 3000i,500n,5000p,500000b,5000s

Output written on thesis.dvi (43 pages, 119928 bytes).
